C:\USERS\JOHN MASTER\DOCUMENTS\VISUAL STUDIO 2010\PROJECTS\GAMEAPP\DEBUG\GAMEAPP.EXE
C:\USERS\JOHN MASTER\DOCUMENTS\VISUAL STUDIO 2010\PROJECTS\GAMEAPP\DEBUG\GAMEAPP.ILK
C:\USERS\JOHN MASTER\DOCUMENTS\VISUAL STUDIO 2010\PROJECTS\GAMEAPP\DEBUG\GAMEAPP.PDB
c:\Users\john master\documents\visual studio 2010\Projects\GameApp\GameApp\Debug\cl.command.1.tlog
c:\Users\john master\documents\visual studio 2010\Projects\GameApp\GameApp\Debug\CL.read.1.tlog
c:\Users\john master\documents\visual studio 2010\Projects\GameApp\GameApp\Debug\CL.write.1.tlog
C:\USERS\JOHN MASTER\DOCUMENTS\VISUAL STUDIO 2010\PROJECTS\GAMEAPP\GAMEAPP\DEBUG\GAMEAPP.EXE.INTERMEDIATE.MANIFEST
C:\USERS\JOHN MASTER\DOCUMENTS\VISUAL STUDIO 2010\PROJECTS\GAMEAPP\GAMEAPP\DEBUG\GAMEAPP.OBJ
c:\Users\john master\documents\visual studio 2010\Projects\GameApp\GameApp\Debug\GameApp.vcxprojResolveAssemblyReference.cache
c:\Users\john master\documents\visual studio 2010\Projects\GameApp\GameApp\Debug\GameApp.write.1.tlog
c:\Users\john master\documents\visual studio 2010\Projects\GameApp\GameApp\Debug\link.command.1.tlog
c:\Users\john master\documents\visual studio 2010\Projects\GameApp\GameApp\Debug\link.read.1.tlog
c:\Users\john master\documents\visual studio 2010\Projects\GameApp\GameApp\Debug\link.write.1.tlog
C:\USERS\JOHN MASTER\DOCUMENTS\VISUAL STUDIO 2010\PROJECTS\GAMEAPP\GAMEAPP\DEBUG\MAIN.OBJ
c:\Users\john master\documents\visual studio 2010\Projects\GameApp\GameApp\Debug\mt.command.1.tlog
c:\Users\john master\documents\visual studio 2010\Projects\GameApp\GameApp\Debug\mt.read.1.tlog
c:\Users\john master\documents\visual studio 2010\Projects\GameApp\GameApp\Debug\mt.write.1.tlog
C:\USERS\JOHN MASTER\DOCUMENTS\VISUAL STUDIO 2010\PROJECTS\GAMEAPP\GAMEAPP\DEBUG\SCREEN.OBJ
c:\Users\john master\documents\visual studio 2010\Projects\GameApp\GameApp\Debug\vc100.idb
C:\USERS\JOHN MASTER\DOCUMENTS\VISUAL STUDIO 2010\PROJECTS\GAMEAPP\GAMEAPP\DEBUG\VC100.PDB
