Build started 2015-09-25 07:08:26.
     1>Project "C:\Users\Kaa Master\Desktop\temporär\GameApp\GameApp\GameApp.vcxproj" on node 2 (build target(s)).
     1>InitializeBuildStatus:
         Touching "Debug\GameApp.unsuccessfulbuild".
       ClCompile:
         All outputs are up-to-date.
       Link:
         C:\Program Files (x86)\Microsoft Visual Studio 10.0\VC\bin\link.exe /ERRORREPORT:PROMPT /OUT:"C:\Users\Kaa Master\Desktop\temporär\GameApp\Debug\GameApp.exe" /NOLOGO SDL2.lib SDL2main.lib kernel32.lib user32.lib gdi32.lib winspool.lib comdlg32.lib advapi32.lib shell32.lib ole32.lib oleaut32.lib uuid.lib odbc32.lib odbccp32.lib /MANIFEST /ManifestFile:"Debug\GameApp.exe.intermediate.manifest" /MANIFESTUAC:"level='asInvoker' uiAccess='false'" /DEBUG /PDB:"C:\Users\Kaa Master\Desktop\temporär\GameApp\Debug\GameApp.pdb" /SUBSYSTEM:CONSOLE /TLBID:1 /DYNAMICBASE /NXCOMPAT /IMPLIB:"C:\Users\Kaa Master\Desktop\temporär\GameApp\Debug\GameApp.lib" /MACHINE:X86 Debug\BlinkScreen.obj
         Debug\GameApp.obj
         Debug\Graphics.obj
         Debug\main.obj
         Debug\MyGameApp.obj
         Debug\TestScreen.obj
         GameApp.vcxproj -> C:\Users\Kaa Master\Desktop\temporär\GameApp\Debug\GameApp.exe
       Manifest:
         C:\Program Files (x86)\Microsoft SDKs\Windows\v7.0A\bin\mt.exe /nologo /verbose /outputresource:"C:\Users\Kaa Master\Desktop\temporär\GameApp\Debug\GameApp.exe;#1" /manifest Debug\GameApp.exe.intermediate.manifest
       FinalizeBuildStatus:
         Deleting file "Debug\GameApp.unsuccessfulbuild".
         Touching "Debug\GameApp.lastbuildstate".
     1>Done Building Project "C:\Users\Kaa Master\Desktop\temporär\GameApp\GameApp\GameApp.vcxproj" (build target(s)).

Build succeeded.

Time Elapsed 00:00:00.65
